[0m[[0m[0mdebug[0m] [0m[0m> Exec(run, Some(656bf106-b7c5-44ec-915a-99a77a8f95ac), Some(CommandSource(console0)))[0m
[0m[[0m[0mdebug[0m] [0m[0mEvaluating tasks: Compile / run[0m
[0m[[0m[0mdebug[0m] [0m[0mRunning task... Cancel: Signal, check cycles: false, forcegc: true[0m
[0m[[0m[0minfo[0m] [0m[0mcompiling 1 Scala source to C:\LocalGit\Team6_MiniProject\Team6_MiniProject\target\scala-2.11\classes ...[0m
[0m[[0m[33mwarn[0m] [0m[0mthere were three deprecation warnings; re-run with -deprecation for details[0m
[0m[[0m[33mwarn[0m] [0m[0mone warning found[0m
[0m[[0m[31merror[0m] [0m[0mjava.lang.NumberFormatException: For input string: "a"[0m
[0m[[0m[31merror[0m] [0m[0m	at java.lang.NumberFormatException.forInputString(Unknown Source)[0m
[0m[[0m[31merror[0m] [0m[0m	at java.lang.Integer.parseInt(Unknown Source)[0m
[0m[[0m[31merror[0m] [0m[0m	at java.lang.Integer.parseInt(Unknown Source)[0m
[0m[[0m[31merror[0m] [0m[0m	at scala.collection.immutable.StringLike$class.toInt(StringLike.scala:273)[0m
[0m[[0m[31merror[0m] [0m[0m	at scala.collection.immutable.StringOps.toInt(StringOps.scala:29)[0m
[0m[[0m[31merror[0m] [0m[0m	at scala.io.StdIn$class.readInt(StdIn.scala:110)[0m
[0m[[0m[31merror[0m] [0m[0m	at scala.io.StdIn$.readInt(StdIn.scala:229)[0m
[0m[[0m[31merror[0m] [0m[0m	at scala.DeprecatedPredef$class.readInt(Predef.scala:440)[0m
[0m[[0m[31merror[0m] [0m[0m	at scala.Predef$.readInt(Predef.scala:70)[0m
[0m[[0m[31merror[0m] [0m[0m	at animalProject$.main(animalProject.scala:15)[0m
[0m[[0m[31merror[0m] [0m[0m	at animalProject.main(animalProject.scala)[0m
[0m[[0m[31merror[0m] [0m[0m	at sun.reflect.NativeMethodAccessorImpl.invoke0(Native Method)[0m
[0m[[0m[31merror[0m] [0m[0m	at sun.reflect.NativeMethodAccessorImpl.invoke(Unknown Source)[0m
[0m[[0m[31merror[0m] [0m[0m	at sun.reflect.DelegatingMethodAccessorImpl.invoke(Unknown Source)[0m
[0m[[0m[31merror[0m] [0m[0m	at java.lang.reflect.Method.invoke(Unknown Source)[0m
[0m[[0m[31merror[0m] [0m[0m	at sbt.Run.invokeMain(Run.scala:143)[0m
[0m[[0m[31merror[0m] [0m[0m	at sbt.Run.execute$1(Run.scala:93)[0m
[0m[[0m[31merror[0m] [0m[0m	at sbt.Run.$anonfun$runWithLoader$5(Run.scala:120)[0m
[0m[[0m[31merror[0m] [0m[0m	at sbt.Run$.executeSuccess(Run.scala:186)[0m
[0m[[0m[31merror[0m] [0m[0m	at sbt.Run.runWithLoader(Run.scala:120)[0m
[0m[[0m[31merror[0m] [0m[0m	at sbt.Defaults$.$anonfun$bgRunTask$6(Defaults.scala:1983)[0m
[0m[[0m[31merror[0m] [0m[0m	at sbt.Defaults$.$anonfun$termWrapper$2(Defaults.scala:1922)[0m
[0m[[0m[31merror[0m] [0m[0m	at scala.runtime.java8.JFunction0$mcV$sp.apply(JFunction0$mcV$sp.java:23)[0m
[0m[[0m[31merror[0m] [0m[0m	at scala.util.Try$.apply(Try.scala:213)[0m
[0m[[0m[31merror[0m] [0m[0m	at sbt.internal.BackgroundThreadPool$BackgroundRunnable.run(DefaultBackgroundJobService.scala:369)[0m
[0m[[0m[31merror[0m] [0m[0m	at java.util.concurrent.ThreadPoolExecutor.runWorker(Unknown Source)[0m
[0m[[0m[31merror[0m] [0m[0m	at java.util.concurrent.ThreadPoolExecutor$Worker.run(Unknown Source)[0m
[0m[[0m[31merror[0m] [0m[0m	at java.lang.Thread.run(Unknown Source)[0m
[0m[[0m[31merror[0m] [0m[0m(Compile / [31mrun[0m) java.lang.NumberFormatException: For input string: "a"[0m
[0m[[0m[31merror[0m] [0m[0mTotal time: 84 s (01:24), completed Feb 7, 2022 12:56:40 PM[0m
[0m[[0m[0mdebug[0m] [0m[0m> Exec(shell, None, None)[0m
